  [1m[35m (1.0ms)[0m  [1m[34mSELECT sqlite_version(*)[0m
  [1m[35m (0.3ms)[0m  [1m[34mSELECT sqlite_version(*)[0m
Started GET "/" for 127.0.0.1 at 2020-03-23 19:51:11 -0400
  [1m[35m (0.4ms)[0m  [1m[34mSELECT sqlite_version(*)[0m
Processing by Rails::WelcomeController#index as HTML
  Rendering /home/theinkpad/.rbenv/versions/2.7.0/lib/ruby/gems/2.7.0/gems/railties-6.0.2.2/lib/rails/templates/rails/welcome/index.html.erb
  Rendered /home/theinkpad/.rbenv/versions/2.7.0/lib/ruby/gems/2.7.0/gems/railties-6.0.2.2/lib/rails/templates/rails/welcome/index.html.erb (Duration: 5.0ms | Allocations: 406)
Completed 200 OK in 13ms (Views: 7.9ms | ActiveRecord: 0.0ms | Allocations: 2345)


Started GET "/" for 127.0.0.1 at 2020-03-23 19:53:11 -0400
  [1m[35m (0.7ms)[0m  [1m[34mSELECT sqlite_version(*)[0m
Processing by Rails::WelcomeController#index as HTML
  Rendering /home/theinkpad/.rbenv/versions/2.7.0/lib/ruby/gems/2.7.0/gems/railties-6.0.2.2/lib/rails/templates/rails/welcome/index.html.erb
  Rendered /home/theinkpad/.rbenv/versions/2.7.0/lib/ruby/gems/2.7.0/gems/railties-6.0.2.2/lib/rails/templates/rails/welcome/index.html.erb (Duration: 4.2ms | Allocations: 294)
Completed 200 OK in 9ms (Views: 5.3ms | ActiveRecord: 0.0ms | Allocations: 1639)


Started GET "/" for 127.0.0.1 at 2020-03-23 19:56:52 -0400
  [1m[35m (0.4ms)[0m  [1m[34mSELECT sqlite_version(*)[0m
Processing by Rails::WelcomeController#index as HTML
  Rendering /home/theinkpad/.rbenv/versions/2.7.0/lib/ruby/gems/2.7.0/gems/railties-6.0.2.2/lib/rails/templates/rails/welcome/index.html.erb
  Rendered /home/theinkpad/.rbenv/versions/2.7.0/lib/ruby/gems/2.7.0/gems/railties-6.0.2.2/lib/rails/templates/rails/welcome/index.html.erb (Duration: 5.4ms | Allocations: 294)
Completed 200 OK in 11ms (Views: 6.9ms | ActiveRecord: 0.0ms | Allocations: 1640)


Started GET "/" for 127.0.0.1 at 2020-03-23 21:18:36 -0400
  [1m[35m (0.6ms)[0m  [1m[34mSELECT sqlite_version(*)[0m
Processing by Rails::WelcomeController#index as HTML
  Rendering /home/theinkpad/.rbenv/versions/2.7.0/lib/ruby/gems/2.7.0/gems/railties-6.0.2.2/lib/rails/templates/rails/welcome/index.html.erb
  Rendered /home/theinkpad/.rbenv/versions/2.7.0/lib/ruby/gems/2.7.0/gems/railties-6.0.2.2/lib/rails/templates/rails/welcome/index.html.erb (Duration: 8.8ms | Allocations: 182)
Completed 200 OK in 21ms (Views: 12.3ms | ActiveRecord: 0.0ms | Allocations: 785)


Started GET "/say/hello" for 127.0.0.1 at 2020-03-23 21:19:08 -0400
Processing by SayController#hello as HTML
  Rendering say/hello.html.erb within layouts/application
  Rendered say/hello.html.erb within layouts/application (Duration: 0.5ms | Allocations: 76)
[Webpacker] Compiling...
[Webpacker] Compiled all packs in /home/theinkpad/Projects/ruby_rails/demo/public/packs
[Webpacker] Hash: 32e57f147dbdcbbf0c82
Version: webpack 4.42.0
Time: 1737ms
Built at: 03/23/2020 9:19:12 PM
                                     Asset       Size       Chunks                         Chunk Names
    js/application-bbe9c4a129ab949e0636.js    124 KiB  application  [emitted] [immutable]  application
js/application-bbe9c4a129ab949e0636.js.map    139 KiB  application  [emitted] [dev]        application
                             manifest.json  364 bytes               [emitted]              
Entrypoint application = js/application-bbe9c4a129ab949e0636.js js/application-bbe9c4a129ab949e0636.js.map
[./app/javascript/channels sync recursive _channel\.js$] ./app/javascript/channels sync _channel\.js$ 160 bytes {application} [built]
[./app/javascript/channels/index.js] 211 bytes {application} [built]
[./app/javascript/packs/application.js] 749 bytes {application} [built]
[./node_modules/webpack/buildin/module.js] (webpack)/buildin/module.js 552 bytes {application} [built]
    + 3 hidden modules

Completed 200 OK in 4216ms (Views: 4214.4ms | ActiveRecord: 0.0ms | Allocations: 17767)


Started GET "/say/hello" for 127.0.0.1 at 2020-03-23 21:20:55 -0400
Processing by SayController#hello as HTML
  Rendering say/hello.html.erb within layouts/application
  Rendered say/hello.html.erb within layouts/application (Duration: 0.4ms | Allocations: 103)
[Webpacker] Everything's up-to-date. Nothing to do
Completed 200 OK in 9ms (Views: 6.6ms | ActiveRecord: 0.0ms | Allocations: 4291)


Started GET "/say/hello" for 127.0.0.1 at 2020-03-23 21:21:59 -0400
  [1m[35m (0.1ms)[0m  [1m[34mSELECT sqlite_version(*)[0m
Processing by SayController#hello as HTML
  Rendering say/hello.html.erb within layouts/application
  Rendered say/hello.html.erb within layouts/application (Duration: 0.4ms | Allocations: 107)
[Webpacker] Everything's up-to-date. Nothing to do
Completed 200 OK in 8ms (Views: 6.7ms | ActiveRecord: 0.0ms | Allocations: 4447)


Started GET "/say/hello" for 127.0.0.1 at 2020-03-23 21:28:12 -0400
  [1m[35m (0.1ms)[0m  [1m[34mSELECT sqlite_version(*)[0m
Processing by SayController#hello as HTML
  Rendering say/hello.html.erb within layouts/application
  Rendered say/hello.html.erb within layouts/application (Duration: 0.3ms | Allocations: 104)
[Webpacker] Everything's up-to-date. Nothing to do
Completed 200 OK in 6ms (Views: 4.9ms | ActiveRecord: 0.0ms | Allocations: 4260)


Started GET "/say/goodbye" for 127.0.0.1 at 2020-03-23 21:28:24 -0400
Processing by SayController#goodbye as HTML
  Rendering say/goodbye.html.erb within layouts/application
  Rendered say/goodbye.html.erb within layouts/application (Duration: 0.3ms | Allocations: 100)
[Webpacker] Everything's up-to-date. Nothing to do
Completed 200 OK in 8ms (Views: 7.4ms | ActiveRecord: 0.0ms | Allocations: 3515)


Started GET "/say/hello" for 127.0.0.1 at 2020-03-23 21:28:41 -0400
Processing by SayController#hello as HTML
  Rendering say/hello.html.erb within layouts/application
  Rendered say/hello.html.erb within layouts/application (Duration: 0.1ms | Allocations: 8)
[Webpacker] Everything's up-to-date. Nothing to do
Completed 200 OK in 6ms (Views: 5.3ms | ActiveRecord: 0.0ms | Allocations: 3292)


Started GET "/say/goodbye" for 127.0.0.1 at 2020-03-23 21:28:49 -0400
Processing by SayController#goodbye as HTML
  Rendering say/goodbye.html.erb within layouts/application
  Rendered say/goodbye.html.erb within layouts/application (Duration: 0.0ms | Allocations: 8)
[Webpacker] Everything's up-to-date. Nothing to do
Completed 200 OK in 5ms (Views: 4.0ms | ActiveRecord: 0.0ms | Allocations: 3280)


Started GET "/say/hello" for 127.0.0.1 at 2020-03-23 21:28:51 -0400
Processing by SayController#hello as HTML
  Rendering say/hello.html.erb within layouts/application
  Rendered say/hello.html.erb within layouts/application (Duration: 0.1ms | Allocations: 8)
[Webpacker] Everything's up-to-date. Nothing to do
Completed 200 OK in 6ms (Views: 5.5ms | ActiveRecord: 0.0ms | Allocations: 3287)


Started GET "/say/goodbye" for 127.0.0.1 at 2020-03-23 21:28:52 -0400
Processing by SayController#goodbye as HTML
  Rendering say/goodbye.html.erb within layouts/application
  Rendered say/goodbye.html.erb within layouts/application (Duration: 0.1ms | Allocations: 8)
[Webpacker] Everything's up-to-date. Nothing to do
Completed 200 OK in 7ms (Views: 5.8ms | ActiveRecord: 0.0ms | Allocations: 3285)


Started GET "/say/hello" for 127.0.0.1 at 2020-03-23 21:28:53 -0400
Processing by SayController#hello as HTML
  Rendering say/hello.html.erb within layouts/application
  Rendered say/hello.html.erb within layouts/application (Duration: 0.1ms | Allocations: 8)
[Webpacker] Everything's up-to-date. Nothing to do
Completed 200 OK in 8ms (Views: 6.7ms | ActiveRecord: 0.0ms | Allocations: 3276)


Started GET "/say/goodbye" for 127.0.0.1 at 2020-03-23 21:28:54 -0400
Processing by SayController#goodbye as HTML
  Rendering say/goodbye.html.erb within layouts/application
  Rendered say/goodbye.html.erb within layouts/application (Duration: 0.1ms | Allocations: 8)
[Webpacker] Everything's up-to-date. Nothing to do
Completed 200 OK in 6ms (Views: 5.1ms | ActiveRecord: 0.0ms | Allocations: 3278)


Started GET "/say/hello" for 127.0.0.1 at 2020-03-23 21:28:55 -0400
Processing by SayController#hello as HTML
  Rendering say/hello.html.erb within layouts/application
  Rendered say/hello.html.erb within layouts/application (Duration: 0.1ms | Allocations: 8)
[Webpacker] Everything's up-to-date. Nothing to do
Completed 200 OK in 8ms (Views: 7.5ms | ActiveRecord: 0.0ms | Allocations: 3282)


Started GET "/say/goodbye" for 127.0.0.1 at 2020-03-23 21:28:56 -0400
Processing by SayController#goodbye as HTML
  Rendering say/goodbye.html.erb within layouts/application
  Rendered say/goodbye.html.erb within layouts/application (Duration: 0.1ms | Allocations: 8)
[Webpacker] Everything's up-to-date. Nothing to do
Completed 200 OK in 9ms (Views: 7.7ms | ActiveRecord: 0.0ms | Allocations: 3276)


Started GET "/say/hello" for 127.0.0.1 at 2020-03-23 21:28:57 -0400
Processing by SayController#hello as HTML
  Rendering say/hello.html.erb within layouts/application
  Rendered say/hello.html.erb within layouts/application (Duration: 0.1ms | Allocations: 8)
[Webpacker] Everything's up-to-date. Nothing to do
Completed 200 OK in 8ms (Views: 6.7ms | ActiveRecord: 0.0ms | Allocations: 3283)


Started GET "/say/hello" for 127.0.0.1 at 2020-03-23 21:30:52 -0400
Processing by SayController#hello as HTML
  Rendering say/hello.html.erb within layouts/application
  Rendered say/hello.html.erb within layouts/application (Duration: 2.0ms | Allocations: 174)
[Webpacker] Everything's up-to-date. Nothing to do
Completed 200 OK in 12ms (Views: 10.7ms | ActiveRecord: 0.0ms | Allocations: 4365)


Started GET "/say/hello" for 127.0.0.1 at 2020-03-23 21:31:05 -0400
Processing by SayController#hello as HTML
  Rendering say/hello.html.erb within layouts/application
  Rendered say/hello.html.erb within layouts/application (Duration: 1.0ms | Allocations: 156)
[Webpacker] Everything's up-to-date. Nothing to do
Completed 200 OK in 8ms (Views: 6.8ms | ActiveRecord: 0.0ms | Allocations: 4347)


Started GET "/say/goodbye" for 127.0.0.1 at 2020-03-23 21:31:17 -0400
Processing by SayController#goodbye as HTML
  Rendering say/goodbye.html.erb within layouts/application
  Rendered say/goodbye.html.erb within layouts/application (Duration: 0.5ms | Allocations: 99)
[Webpacker] Everything's up-to-date. Nothing to do
Completed 200 OK in 7ms (Views: 5.8ms | ActiveRecord: 0.0ms | Allocations: 3519)


Started GET "/say/hello" for 127.0.0.1 at 2020-03-23 21:31:19 -0400
Processing by SayController#hello as HTML
  Rendering say/hello.html.erb within layouts/application
  Rendered say/hello.html.erb within layouts/application (Duration: 0.1ms | Allocations: 44)
[Webpacker] Everything's up-to-date. Nothing to do
Completed 200 OK in 5ms (Views: 4.8ms | ActiveRecord: 0.0ms | Allocations: 3304)


Started GET "/say/goodbye" for 127.0.0.1 at 2020-03-23 21:31:23 -0400
Processing by SayController#goodbye as HTML
  Rendering say/goodbye.html.erb within layouts/application
  Rendered say/goodbye.html.erb within layouts/application (Duration: 0.1ms | Allocations: 8)
[Webpacker] Everything's up-to-date. Nothing to do
Completed 200 OK in 8ms (Views: 7.1ms | ActiveRecord: 0.0ms | Allocations: 3278)


Started GET "/say/goodbye" for 127.0.0.1 at 2020-03-23 21:31:54 -0400
Processing by SayController#goodbye as HTML
  Rendering say/goodbye.html.erb within layouts/application
  Rendered say/goodbye.html.erb within layouts/application (Duration: 0.7ms | Allocations: 153)
[Webpacker] Everything's up-to-date. Nothing to do
Completed 200 OK in 9ms (Views: 7.5ms | ActiveRecord: 0.0ms | Allocations: 4331)


Started GET "/say/hello" for 127.0.0.1 at 2020-03-23 21:31:57 -0400
Processing by SayController#hello as HTML
  Rendering say/hello.html.erb within layouts/application
  Rendered say/hello.html.erb within layouts/application (Duration: 0.7ms | Allocations: 152)
[Webpacker] Everything's up-to-date. Nothing to do
Completed 200 OK in 7ms (Views: 5.9ms | ActiveRecord: 0.0ms | Allocations: 3567)


Started GET "/say/goodbye" for 127.0.0.1 at 2020-03-23 21:32:00 -0400
Processing by SayController#goodbye as HTML
  Rendering say/goodbye.html.erb within layouts/application
  Rendered say/goodbye.html.erb within layouts/application (Duration: 0.2ms | Allocations: 40)
[Webpacker] Everything's up-to-date. Nothing to do
Completed 200 OK in 11ms (Views: 10.6ms | ActiveRecord: 0.0ms | Allocations: 3305)


Started GET "/say/hello" for 127.0.0.1 at 2020-03-23 21:32:03 -0400
Processing by SayController#hello as HTML
  Rendering say/hello.html.erb within layouts/application
  Rendered say/hello.html.erb within layouts/application (Duration: 0.1ms | Allocations: 39)
[Webpacker] Everything's up-to-date. Nothing to do
Completed 200 OK in 5ms (Views: 4.5ms | ActiveRecord: 0.0ms | Allocations: 3316)


